<?xml version="1.0" encoding="UTF-8"?>
<!-- Generated by org.testng.reporters.JUnitReportReporter -->
<testsuite hostname="DESKTOP-83KADBQ" name="test.Promotion_142_4_items_100_discount_existmobilecust$Customer_Mobile_new_existingTest_Promotion_142_4_items_100_discount" tests="7" failures="0" timestamp="24 May 2021 21:04:29 GMT" time="143.943" errors="0">
  <testcase name="barcode2_promotion142" time="21.796" classname="test.Promotion_142_4_items_100_discount_existmobilecust$Customer_Mobile_new_existingTest_Promotion_142_4_items_100_discount"/>
  <testcase name="barcode1_promotion142" time="20.014" classname="test.Promotion_142_4_items_100_discount_existmobilecust$Customer_Mobile_new_existingTest_Promotion_142_4_items_100_discount"/>
  <testcase name="Promotion142_Discount" time="19.153" classname="test.Promotion_142_4_items_100_discount_existmobilecust$Customer_Mobile_new_existingTest_Promotion_142_4_items_100_discount"/>
  <testcase name="Promotion142" time="48.551" classname="test.Promotion_142_4_items_100_discount_existmobilecust$Customer_Mobile_new_existingTest_Promotion_142_4_items_100_discount"/>
  <testcase name="barcode3_Promotion142" time="11.269" classname="test.Promotion_142_4_items_100_discount_existmobilecust$Customer_Mobile_new_existingTest_Promotion_142_4_items_100_discount"/>
  <testcase name="Customer_Mobile_existing_login_Promotion_142_4_items_100_discount" time="12.459" classname="test.Promotion_142_4_items_100_discount_existmobilecust$Customer_Mobile_new_existingTest_Promotion_142_4_items_100_discount"/>
  <testcase name="barcode4_Promotion142" time="10.701" classname="test.Promotion_142_4_items_100_discount_existmobilecust$Customer_Mobile_new_existingTest_Promotion_142_4_items_100_discount"/>
</testsuite> <!-- test.Promotion_142_4_items_100_discount_existmobilecust$Customer_Mobile_new_existingTest_Promotion_142_4_items_100_discount -->
