<?xml version="1.0" encoding="UTF-8"?>
<!-- Generated by org.testng.reporters.JUnitReportReporter -->
<testsuite hostname="DESKTOP-83KADBQ" name="test.Promotion_125_Buy_3000_7Discount_existmobilecust$Customer_Mobile_new_existingTest_Promotion_125_Buy_300" tests="6" failures="0" timestamp="3 Mar 2021 08:03:00 GMT" time="116.238" errors="0">
  <testcase name="promotion125_Discount" time="19.476" classname="test.Promotion_125_Buy_3000_7Discount_existmobilecust$Customer_Mobile_new_existingTest_Promotion_125_Buy_300"/>
  <testcase name="Customer_Mobile_existing_login_Promotion_125_Buy_300" time="12.977" classname="test.Promotion_125_Buy_3000_7Discount_existmobilecust$Customer_Mobile_new_existingTest_Promotion_125_Buy_300"/>
  <testcase name="barcode1_promotion125" time="31.312" classname="test.Promotion_125_Buy_3000_7Discount_existmobilecust$Customer_Mobile_new_existingTest_Promotion_125_Buy_300"/>
  <testcase name="barcode2_promotion125" time="16.442" classname="test.Promotion_125_Buy_3000_7Discount_existmobilecust$Customer_Mobile_new_existingTest_Promotion_125_Buy_300"/>
  <testcase name="barcode3_promotion125" time="8.923" classname="test.Promotion_125_Buy_3000_7Discount_existmobilecust$Customer_Mobile_new_existingTest_Promotion_125_Buy_300"/>
  <testcase name="promotion125" time="27.108" classname="test.Promotion_125_Buy_3000_7Discount_existmobilecust$Customer_Mobile_new_existingTest_Promotion_125_Buy_300"/>
</testsuite> <!-- test.Promotion_125_Buy_3000_7Discount_existmobilecust$Customer_Mobile_new_existingTest_Promotion_125_Buy_300 -->
