<?xml version="1.0" encoding="UTF-8"?>
<!-- Generated by org.testng.reporters.JUnitReportReporter -->
<testsuite hostname="DESKTOP-83KADBQ" name="test_Bill_settlement.Promotion_122_BNGN_Nitems_Exist_cust$Customer_Mobile_new_Test" tests="3" failures="0" timestamp="6 Apr 2021 12:40:00 GMT" time="113.512" errors="0">
  <testcase name="login_Customer_Mobile_New" time="11.807" classname="test_Bill_settlement.Promotion_122_BNGN_Nitems_Exist_cust$Customer_Mobile_new_Test"/>
  <testcase name="Bill_Settlement_exist_Mobile_cust_promotion122_scan_estimate" time="63.961" classname="test_Bill_settlement.Promotion_122_BNGN_Nitems_Exist_cust$Customer_Mobile_new_Test"/>
  <testcase name="Bill_Settlement_exist_Mobile_cust_promotion121_card_payment" time="37.744" classname="test_Bill_settlement.Promotion_122_BNGN_Nitems_Exist_cust$Customer_Mobile_new_Test"/>
</testsuite> <!-- test_Bill_settlement.Promotion_122_BNGN_Nitems_Exist_cust$Customer_Mobile_new_Test -->
