<?xml version="1.0" encoding="UTF-8"?>
<!-- Generated by org.testng.reporters.JUnitReportReporter -->
<testsuite hostname="DESKTOP-83KADBQ" name="test.Promotion_145_ED_500_2500_10percent_discount_existmobilecust$Customer_Mobile_new_existingTest_Promotion_145_ED_500_2500_10percent_discount" tests="5" failures="0" timestamp="26 May 2021 05:26:30 GMT" time="94.802" errors="0">
  <testcase name="Customer_Mobile_existing_login_Promotion_145" time="12.413" classname="test.Promotion_145_ED_500_2500_10percent_discount_existmobilecust$Customer_Mobile_new_existingTest_Promotion_145_ED_500_2500_10percent_discount"/>
  <testcase name="barcode2_promotion145" time="3.889" classname="test.Promotion_145_ED_500_2500_10percent_discount_existmobilecust$Customer_Mobile_new_existingTest_Promotion_145_ED_500_2500_10percent_discount"/>
  <testcase name="promotion145_Discount" time="16.103" classname="test.Promotion_145_ED_500_2500_10percent_discount_existmobilecust$Customer_Mobile_new_existingTest_Promotion_145_ED_500_2500_10percent_discount"/>
  <testcase name="promotion145" time="49.159" classname="test.Promotion_145_ED_500_2500_10percent_discount_existmobilecust$Customer_Mobile_new_existingTest_Promotion_145_ED_500_2500_10percent_discount"/>
  <testcase name="barcode1_promotion145" time="13.238" classname="test.Promotion_145_ED_500_2500_10percent_discount_existmobilecust$Customer_Mobile_new_existingTest_Promotion_145_ED_500_2500_10percent_discount"/>
</testsuite> <!-- test.Promotion_145_ED_500_2500_10percent_discount_existmobilecust$Customer_Mobile_new_existingTest_Promotion_145_ED_500_2500_10percent_discount -->
