<?xml version="1.0" encoding="UTF-8"?>
<!-- Generated by org.testng.reporters.JUnitReportReporter -->
<testsuite hostname="DESKTOP-83KADBQ" name="test.Promotion_122_BNGN_N_Nitems_N_items_existmobilecust$Customer_Mobile_new_existingTest_Promotion_122_N_items" tests="10" failures="0" timestamp="12 Feb 2021 09:22:43 GMT" time="130.478" errors="0">
  <testcase name="barcode5_promotion122" time="5.518" classname="test.Promotion_122_BNGN_N_Nitems_N_items_existmobilecust$Customer_Mobile_new_existingTest_Promotion_122_N_items"/>
  <testcase name="barcode1_promotion122" time="24.888" classname="test.Promotion_122_BNGN_N_Nitems_N_items_existmobilecust$Customer_Mobile_new_existingTest_Promotion_122_N_items"/>
  <testcase name="barcode3_promotion122" time="5.598" classname="test.Promotion_122_BNGN_N_Nitems_N_items_existmobilecust$Customer_Mobile_new_existingTest_Promotion_122_N_items"/>
  <testcase name="promotion122_Discount" time="19.119" classname="test.Promotion_122_BNGN_N_Nitems_N_items_existmobilecust$Customer_Mobile_new_existingTest_Promotion_122_N_items"/>
  <testcase name="barcode2_promotion122" time="16.160" classname="test.Promotion_122_BNGN_N_Nitems_N_items_existmobilecust$Customer_Mobile_new_existingTest_Promotion_122_N_items"/>
  <testcase name="barcode4_promotion122" time="5.503" classname="test.Promotion_122_BNGN_N_Nitems_N_items_existmobilecust$Customer_Mobile_new_existingTest_Promotion_122_N_items"/>
  <testcase name="Customer_Mobile_existing_login_Promotion_122_N_items" time="15.190" classname="test.Promotion_122_BNGN_N_Nitems_N_items_existmobilecust$Customer_Mobile_new_existingTest_Promotion_122_N_items"/>
  <testcase name="barcode6_promotion122" time="5.500" classname="test.Promotion_122_BNGN_N_Nitems_N_items_existmobilecust$Customer_Mobile_new_existingTest_Promotion_122_N_items"/>
  <testcase name="promotion125" time="27.500" classname="test.Promotion_122_BNGN_N_Nitems_N_items_existmobilecust$Customer_Mobile_new_existingTest_Promotion_122_N_items"/>
  <testcase name="barcode7_promotion122" time="5.502" classname="test.Promotion_122_BNGN_N_Nitems_N_items_existmobilecust$Customer_Mobile_new_existingTest_Promotion_122_N_items"/>
</testsuite> <!-- test.Promotion_122_BNGN_N_Nitems_N_items_existmobilecust$Customer_Mobile_new_existingTest_Promotion_122_N_items -->
