<?xml version="1.0" encoding="UTF-8"?>
<!-- Generated by org.testng.reporters.JUnitReportReporter -->
<testsuite hostname="DESKTOP-83KADBQ" name="test.Bill_Settlement_exist_cust_mob$Customer_Mobile_new_Test" tests="2" failures="0" timestamp="25 Mar 2021 06:29:19 GMT" time="72.345" errors="0">
  <testcase name="login_Customer_Mobile_New" time="12.249" classname="test.Bill_Settlement_exist_cust_mob$Customer_Mobile_new_Test"/>
  <testcase name="Bill_Settlement_exist_Mobile_cust" time="60.096" classname="test.Bill_Settlement_exist_cust_mob$Customer_Mobile_new_Test"/>
</testsuite> <!-- test.Bill_Settlement_exist_cust_mob$Customer_Mobile_new_Test -->
