<?xml version="1.0" encoding="UTF-8"?>
<!-- Generated by org.testng.reporters.JUnitReportReporter -->
<testsuite hostname="DESKTOP-83KADBQ" name="test.Normalbarcodes_discount_existmobilecust$Customer_Mobile_new_existing_Normalbarcodes_discount" tests="4" failures="0" timestamp="16 Mar 2021 13:31:00 GMT" time="64.749" errors="0">
  <testcase name="barcode1_normalbarcodes" time="22.768" classname="test.Normalbarcodes_discount_existmobilecust$Customer_Mobile_new_existing_Normalbarcodes_discount"/>
  <testcase name="barcode3_promotion121" time="7.704" classname="test.Normalbarcodes_discount_existmobilecust$Customer_Mobile_new_existing_Normalbarcodes_discount"/>
  <testcase name="normalbarcodes_generalDiscount" time="19.295" classname="test.Normalbarcodes_discount_existmobilecust$Customer_Mobile_new_existing_Normalbarcodes_discount"/>
  <testcase name="Customer_Mobile_existing_login_Normalbarcodes_discount" time="14.982" classname="test.Normalbarcodes_discount_existmobilecust$Customer_Mobile_new_existing_Normalbarcodes_discount"/>
</testsuite> <!-- test.Normalbarcodes_discount_existmobilecust$Customer_Mobile_new_existing_Normalbarcodes_discount -->
