<?xml version="1.0" encoding="UTF-8"?>
<!-- Generated by org.testng.reporters.JUnitReportReporter -->
<testsuite hostname="DESKTOP-83KADBQ" name="test.Samplereadtestbarcodescan" tests="9" failures="0" timestamp="22 Jan 2021 17:42:54 GMT" time="0.156" errors="0">
  <testcase name="myTest" time="0.112" classname="test.Samplereadtestbarcodescan"/>
  <testcase name="myTest" time="0.005" classname="test.Samplereadtestbarcodescan"/>
  <testcase name="myTest" time="0.006" classname="test.Samplereadtestbarcodescan"/>
  <testcase name="myTest" time="0.006" classname="test.Samplereadtestbarcodescan"/>
  <testcase name="myTest" time="0.006" classname="test.Samplereadtestbarcodescan"/>
  <testcase name="myTest" time="0.005" classname="test.Samplereadtestbarcodescan"/>
  <testcase name="myTest" time="0.006" classname="test.Samplereadtestbarcodescan"/>
  <testcase name="myTest" time="0.005" classname="test.Samplereadtestbarcodescan"/>
  <testcase name="myTest" time="0.005" classname="test.Samplereadtestbarcodescan"/>
</testsuite> <!-- test.Samplereadtestbarcodescan -->
