<?xml version="1.0" encoding="UTF-8"?>
<!-- Generated by org.testng.reporters.JUnitReportReporter -->
<testsuite hostname="DESKTOP-83KADBQ" name="test.Promotion_143_CS_Buy_3_Getfor_Rs799_existmobilecust$Customer_Mobile_new_existing_Promotion_143_CS_Buy_3_Getfor_Rs799" tests="6" failures="0" timestamp="24 May 2021 21:44:27 GMT" time="105.736" errors="0">
  <testcase name="barcode1_promotion143" time="18.809" classname="test.Promotion_143_CS_Buy_3_Getfor_Rs799_existmobilecust$Customer_Mobile_new_existing_Promotion_143_CS_Buy_3_Getfor_Rs799"/>
  <testcase name="promotion143" time="48.731" classname="test.Promotion_143_CS_Buy_3_Getfor_Rs799_existmobilecust$Customer_Mobile_new_existing_Promotion_143_CS_Buy_3_Getfor_Rs799"/>
  <testcase name="Customer_Mobile_existing_login_Promotion_143_combo_sales" time="12.353" classname="test.Promotion_143_CS_Buy_3_Getfor_Rs799_existmobilecust$Customer_Mobile_new_existing_Promotion_143_CS_Buy_3_Getfor_Rs799"/>
  <testcase name="promotion143_Discount" time="15.150" classname="test.Promotion_143_CS_Buy_3_Getfor_Rs799_existmobilecust$Customer_Mobile_new_existing_Promotion_143_CS_Buy_3_Getfor_Rs799"/>
  <testcase name="barcode2_promotion143" time="4.749" classname="test.Promotion_143_CS_Buy_3_Getfor_Rs799_existmobilecust$Customer_Mobile_new_existing_Promotion_143_CS_Buy_3_Getfor_Rs799"/>
  <testcase name="barcode3_promotion143" time="5.944" classname="test.Promotion_143_CS_Buy_3_Getfor_Rs799_existmobilecust$Customer_Mobile_new_existing_Promotion_143_CS_Buy_3_Getfor_Rs799"/>
</testsuite> <!-- test.Promotion_143_CS_Buy_3_Getfor_Rs799_existmobilecust$Customer_Mobile_new_existing_Promotion_143_CS_Buy_3_Getfor_Rs799 -->
