<?xml version="1.0" encoding="UTF-8"?>
<!-- Generated by org.testng.reporters.JUnitReportReporter -->
<testsuite hostname="DESKTOP-83KADBQ" name="test.Promotion_125_Buy_3000_7Discount_existmobilecust$Customer_Mobile_new_existingTest_Promotion_125_Buy_300" tests="6" failures="0" timestamp="19 Mar 2021 11:24:50 GMT" time="131.284" errors="0">
  <testcase name="barcode1_promotion125" time="31.138" classname="test.Promotion_125_Buy_3000_7Discount_existmobilecust$Customer_Mobile_new_existingTest_Promotion_125_Buy_300"/>
  <testcase name="barcode3_promotion125" time="9.055" classname="test.Promotion_125_Buy_3000_7Discount_existmobilecust$Customer_Mobile_new_existingTest_Promotion_125_Buy_300"/>
  <testcase name="barcode2_promotion125" time="16.429" classname="test.Promotion_125_Buy_3000_7Discount_existmobilecust$Customer_Mobile_new_existingTest_Promotion_125_Buy_300"/>
  <testcase name="Customer_Mobile_existing_login_Promotion_125_Buy_300" time="12.910" classname="test.Promotion_125_Buy_3000_7Discount_existmobilecust$Customer_Mobile_new_existingTest_Promotion_125_Buy_300"/>
  <testcase name="promotion125_Discount" time="19.394" classname="test.Promotion_125_Buy_3000_7Discount_existmobilecust$Customer_Mobile_new_existingTest_Promotion_125_Buy_300"/>
  <testcase name="promotion125" time="42.358" classname="test.Promotion_125_Buy_3000_7Discount_existmobilecust$Customer_Mobile_new_existingTest_Promotion_125_Buy_300"/>
</testsuite> <!-- test.Promotion_125_Buy_3000_7Discount_existmobilecust$Customer_Mobile_new_existingTest_Promotion_125_Buy_300 -->
