<?xml version="1.0" encoding="UTF-8"?>
<!-- Generated by org.testng.reporters.JUnitReportReporter -->
<testsuite hostname="DESKTOP-83KADBQ" name="test.Bill_Settlement_exist_cust_mob$Customer_Mobile_new_Test" tests="2" failures="0" timestamp="10 Feb 2021 11:20:54 GMT" time="62.603" errors="0">
  <testcase name="Bill_Settlement_exist_Mobile_cust" time="50.249" classname="test.Bill_Settlement_exist_cust_mob$Customer_Mobile_new_Test"/>
  <testcase name="login_Customer_Mobile_New" time="12.354" classname="test.Bill_Settlement_exist_cust_mob$Customer_Mobile_new_Test"/>
</testsuite> <!-- test.Bill_Settlement_exist_cust_mob$Customer_Mobile_new_Test -->
