<?xml version="1.0" encoding="UTF-8"?>
<!-- Generated by org.testng.reporters.JUnitReportReporter -->
<testsuite hostname="DESKTOP-83KADBQ" name="test.Promotion_123_N_items_N_discount_existmobilecust$Customer_Mobile_new_existingTest_Promotion_123_N_items_N_discount" tests="6" failures="0" timestamp="12 Feb 2021 12:23:32 GMT" time="104.573" errors="0">
  <testcase name="promotion123" time="27.374" classname="test.Promotion_123_N_items_N_discount_existmobilecust$Customer_Mobile_new_existingTest_Promotion_123_N_items_N_discount"/>
  <testcase name="barcode2_promotion121" time="19.352" classname="test.Promotion_123_N_items_N_discount_existmobilecust$Customer_Mobile_new_existingTest_Promotion_123_N_items_N_discount"/>
  <testcase name="barcode1_promotion121" time="18.683" classname="test.Promotion_123_N_items_N_discount_existmobilecust$Customer_Mobile_new_existingTest_Promotion_123_N_items_N_discount"/>
  <testcase name="Customer_Mobile_existing_login_Promotion_121_N_items_5_discount" time="12.534" classname="test.Promotion_123_N_items_N_discount_existmobilecust$Customer_Mobile_new_existingTest_Promotion_123_N_items_N_discount"/>
  <testcase name="barcode3_promotion123" time="7.571" classname="test.Promotion_123_N_items_N_discount_existmobilecust$Customer_Mobile_new_existingTest_Promotion_123_N_items_N_discount"/>
  <testcase name="promotion123_Discount" time="19.059" classname="test.Promotion_123_N_items_N_discount_existmobilecust$Customer_Mobile_new_existingTest_Promotion_123_N_items_N_discount"/>
</testsuite> <!-- test.Promotion_123_N_items_N_discount_existmobilecust$Customer_Mobile_new_existingTest_Promotion_123_N_items_N_discount -->
