<?xml version="1.0" encoding="UTF-8"?>
<!-- Generated by org.testng.reporters.JUnitReportReporter -->
<testsuite hostname="DESKTOP-83KADBQ" name="test.Promotion_126_Earned_discount_500_existmobilecust$Customer_Mobile_new_existingTest_Promotion_126_Earned_discount_500" tests="6" failures="0" timestamp="3 Feb 2021 13:24:07 GMT" time="95.112" errors="0">
  <testcase name="promotion123" time="12.769" classname="test.Promotion_126_Earned_discount_500_existmobilecust$Customer_Mobile_new_existingTest_Promotion_126_Earned_discount_500"/>
  <testcase name="barcode2_promotion126" time="19.498" classname="test.Promotion_126_Earned_discount_500_existmobilecust$Customer_Mobile_new_existingTest_Promotion_126_Earned_discount_500"/>
  <testcase name="promotion126_Discount" time="19.387" classname="test.Promotion_126_Earned_discount_500_existmobilecust$Customer_Mobile_new_existingTest_Promotion_126_Earned_discount_500"/>
  <testcase name="barcode3_promotion126" time="10.966" classname="test.Promotion_126_Earned_discount_500_existmobilecust$Customer_Mobile_new_existingTest_Promotion_126_Earned_discount_500"/>
  <testcase name="Customer_Mobile_existing_login_Promotion_126_Earned_discount_500" time="14.008" classname="test.Promotion_126_Earned_discount_500_existmobilecust$Customer_Mobile_new_existingTest_Promotion_126_Earned_discount_500"/>
  <testcase name="barcode1_promotion126" time="18.484" classname="test.Promotion_126_Earned_discount_500_existmobilecust$Customer_Mobile_new_existingTest_Promotion_126_Earned_discount_500"/>
</testsuite> <!-- test.Promotion_126_Earned_discount_500_existmobilecust$Customer_Mobile_new_existingTest_Promotion_126_Earned_discount_500 -->
