<?xml version="1.0" encoding="UTF-8"?>
<!-- Generated by org.testng.reporters.JUnitReportReporter -->
<testsuite hostname="DESKTOP-83KADBQ" name="test_Bill_settlement.Promotion_123_Nitems_Exist_cust$Customer_Mobile_new_Test" tests="3" failures="0" timestamp="6 Apr 2021 13:50:03 GMT" time="112.105" errors="0">
  <testcase name="Bill_Settlement_exist_Mobile_cust_promotion123_scan_estimate" time="62.585" classname="test_Bill_settlement.Promotion_123_Nitems_Exist_cust$Customer_Mobile_new_Test"/>
  <testcase name="login_Customer_Mobile_New" time="11.837" classname="test_Bill_settlement.Promotion_123_Nitems_Exist_cust$Customer_Mobile_new_Test"/>
  <testcase name="Bill_Settlement_exist_Mobile_cust_promotion123_card_payment" time="37.683" classname="test_Bill_settlement.Promotion_123_Nitems_Exist_cust$Customer_Mobile_new_Test"/>
</testsuite> <!-- test_Bill_settlement.Promotion_123_Nitems_Exist_cust$Customer_Mobile_new_Test -->
