<?xml version="1.0" encoding="UTF-8"?>
<!-- Generated by org.testng.reporters.JUnitReportReporter -->
<testsuite hostname="DESKTOP-83KADBQ" name="test.Promotion_125_Buy_3000_7Discount_existmobilecust$Customer_Mobile_new_existingTest_Promotion_125_Buy_300" tests="6" failures="0" timestamp="2 Feb 2021 09:32:57 GMT" time="107.681" errors="0">
  <testcase name="promotion125" time="12.409" classname="test.Promotion_125_Buy_3000_7Discount_existmobilecust$Customer_Mobile_new_existingTest_Promotion_125_Buy_300"/>
  <testcase name="barcode2_promotion125" time="16.284" classname="test.Promotion_125_Buy_3000_7Discount_existmobilecust$Customer_Mobile_new_existingTest_Promotion_125_Buy_300"/>
  <testcase name="promotion125_Discount" time="19.297" classname="test.Promotion_125_Buy_3000_7Discount_existmobilecust$Customer_Mobile_new_existingTest_Promotion_125_Buy_300"/>
  <testcase name="barcode1_promotion125" time="34.651" classname="test.Promotion_125_Buy_3000_7Discount_existmobilecust$Customer_Mobile_new_existingTest_Promotion_125_Buy_300"/>
  <testcase name="Customer_Mobile_existing_login_Promotion_125_Buy_300" time="16.300" classname="test.Promotion_125_Buy_3000_7Discount_existmobilecust$Customer_Mobile_new_existingTest_Promotion_125_Buy_300"/>
  <testcase name="barcode3_promotion125" time="8.740" classname="test.Promotion_125_Buy_3000_7Discount_existmobilecust$Customer_Mobile_new_existingTest_Promotion_125_Buy_300"/>
</testsuite> <!-- test.Promotion_125_Buy_3000_7Discount_existmobilecust$Customer_Mobile_new_existingTest_Promotion_125_Buy_300 -->
