<?xml version="1.0" encoding="UTF-8"?>
<!-- Generated by org.testng.reporters.JUnitReportReporter -->
<testsuite hostname="DESKTOP-83KADBQ" name="test.Promotion_122_BNGN_N_Nitems_N_items_existmobilecust$Customer_Mobile_new_existingTest_Promotion_122_N_items" tests="10" failures="0" timestamp="2 Mar 2021 14:03:30 GMT" time="134.667" errors="0">
  <testcase name="barcode2_promotion122" time="16.501" classname="test.Promotion_122_BNGN_N_Nitems_N_items_existmobilecust$Customer_Mobile_new_existingTest_Promotion_122_N_items"/>
  <testcase name="barcode6_promotion122" time="5.653" classname="test.Promotion_122_BNGN_N_Nitems_N_items_existmobilecust$Customer_Mobile_new_existingTest_Promotion_122_N_items"/>
  <testcase name="promotion122" time="27.554" classname="test.Promotion_122_BNGN_N_Nitems_N_items_existmobilecust$Customer_Mobile_new_existingTest_Promotion_122_N_items"/>
  <testcase name="barcode3_promotion122" time="5.780" classname="test.Promotion_122_BNGN_N_Nitems_N_items_existmobilecust$Customer_Mobile_new_existingTest_Promotion_122_N_items"/>
  <testcase name="barcode1_promotion122" time="30.564" classname="test.Promotion_122_BNGN_N_Nitems_N_items_existmobilecust$Customer_Mobile_new_existingTest_Promotion_122_N_items"/>
  <testcase name="promotion122_Discount" time="19.461" classname="test.Promotion_122_BNGN_N_Nitems_N_items_existmobilecust$Customer_Mobile_new_existingTest_Promotion_122_N_items"/>
  <testcase name="barcode4_promotion122" time="5.743" classname="test.Promotion_122_BNGN_N_Nitems_N_items_existmobilecust$Customer_Mobile_new_existingTest_Promotion_122_N_items"/>
  <testcase name="barcode5_promotion122" time="5.646" classname="test.Promotion_122_BNGN_N_Nitems_N_items_existmobilecust$Customer_Mobile_new_existingTest_Promotion_122_N_items"/>
  <testcase name="Customer_Mobile_existing_login_Promotion_122_N_items" time="12.075" classname="test.Promotion_122_BNGN_N_Nitems_N_items_existmobilecust$Customer_Mobile_new_existingTest_Promotion_122_N_items"/>
  <testcase name="barcode7_promotion122" time="5.690" classname="test.Promotion_122_BNGN_N_Nitems_N_items_existmobilecust$Customer_Mobile_new_existingTest_Promotion_122_N_items"/>
</testsuite> <!-- test.Promotion_122_BNGN_N_Nitems_N_items_existmobilecust$Customer_Mobile_new_existingTest_Promotion_122_N_items -->
