<?xml version="1.0" encoding="UTF-8"?>
<!-- Generated by org.testng.reporters.JUnitReportReporter -->
<testsuite hostname="DESKTOP-83KADBQ" name="test.Promotion_124_combo_sales_existmobilecust$Customer_Mobile_new_existingTest_Promotion_124_combo_sales" tests="8" failures="0" timestamp="12 Feb 2021 13:43:12 GMT" time="114.055" errors="0">
  <testcase name="promotion124_Discount" time="19.097" classname="test.Promotion_124_combo_sales_existmobilecust$Customer_Mobile_new_existingTest_Promotion_124_combo_sales"/>
  <testcase name="Customer_Mobile_existing_login_Promotion_124_combo_sales" time="12.598" classname="test.Promotion_124_combo_sales_existmobilecust$Customer_Mobile_new_existingTest_Promotion_124_combo_sales"/>
  <testcase name="barcode5_promotion122" time="5.520" classname="test.Promotion_124_combo_sales_existmobilecust$Customer_Mobile_new_existingTest_Promotion_124_combo_sales"/>
  <testcase name="barcode1_promotion124" time="24.756" classname="test.Promotion_124_combo_sales_existmobilecust$Customer_Mobile_new_existingTest_Promotion_124_combo_sales"/>
  <testcase name="promotion124" time="24.799" classname="test.Promotion_124_combo_sales_existmobilecust$Customer_Mobile_new_existingTest_Promotion_124_combo_sales"/>
  <testcase name="barcode2_promotion124" time="16.170" classname="test.Promotion_124_combo_sales_existmobilecust$Customer_Mobile_new_existingTest_Promotion_124_combo_sales"/>
  <testcase name="barcode3_promotion124" time="5.579" classname="test.Promotion_124_combo_sales_existmobilecust$Customer_Mobile_new_existingTest_Promotion_124_combo_sales"/>
  <testcase name="barcode4_promotion122" time="5.536" classname="test.Promotion_124_combo_sales_existmobilecust$Customer_Mobile_new_existingTest_Promotion_124_combo_sales"/>
</testsuite> <!-- test.Promotion_124_combo_sales_existmobilecust$Customer_Mobile_new_existingTest_Promotion_124_combo_sales -->
