<?xml version="1.0" encoding="UTF-8"?>
<!-- Generated by org.testng.reporters.JUnitReportReporter -->
<testsuite hostname="DESKTOP-83KADBQ" name="sales_invoice_estimate.Customer_Mobile_new_Test" tests="6" failures="0" timestamp="19 Mar 2021 11:39:53 GMT" time="103.136" errors="0">
  <testcase name="Advanced_Search_new_cust_mob" time="23.518" classname="sales_invoice_estimate.Customer_Mobile_new_Test"/>
  <testcase name="EAN_barcodeScan_new_cust_mob" time="34.189" classname="sales_invoice_estimate.Customer_Mobile_new_Test"/>
  <testcase name="barcode2_new_cust_mob" time="2.783" classname="sales_invoice_estimate.Customer_Mobile_new_Test"/>
  <testcase name="Barcode1_new_cust_mob" time="13.453" classname="sales_invoice_estimate.Customer_Mobile_new_Test"/>
  <testcase name="login_Customer_Mobile_New" time="15.599" classname="sales_invoice_estimate.Customer_Mobile_new_Test"/>
  <testcase name="Customer_Mobile_New_registration" time="13.594" classname="sales_invoice_estimate.Customer_Mobile_new_Test"/>
</testsuite> <!-- sales_invoice_estimate.Customer_Mobile_new_Test -->
