<?xml version="1.0" encoding="UTF-8"?>
<!-- Generated by org.testng.reporters.JUnitReportReporter -->
<testsuite hostname="DESKTOP-83KADBQ" name="test.Promotion_125_Buy_3000_7Discount_existmobilecust$Customer_Mobile_new_existingTest_Promotion_125_Buy_300" tests="6" failures="0" timestamp="12 Feb 2021 13:28:55 GMT" time="119.097" errors="0">
  <testcase name="barcode3_promotion125" time="8.724" classname="test.Promotion_125_Buy_3000_7Discount_existmobilecust$Customer_Mobile_new_existingTest_Promotion_125_Buy_300"/>
  <testcase name="promotion125" time="27.002" classname="test.Promotion_125_Buy_3000_7Discount_existmobilecust$Customer_Mobile_new_existingTest_Promotion_125_Buy_300"/>
  <testcase name="Customer_Mobile_existing_login_Promotion_125_Buy_300" time="12.508" classname="test.Promotion_125_Buy_3000_7Discount_existmobilecust$Customer_Mobile_new_existingTest_Promotion_125_Buy_300"/>
  <testcase name="barcode1_promotion125" time="35.493" classname="test.Promotion_125_Buy_3000_7Discount_existmobilecust$Customer_Mobile_new_existingTest_Promotion_125_Buy_300"/>
  <testcase name="promotion125_Discount" time="19.080" classname="test.Promotion_125_Buy_3000_7Discount_existmobilecust$Customer_Mobile_new_existingTest_Promotion_125_Buy_300"/>
  <testcase name="barcode2_promotion125" time="16.290" classname="test.Promotion_125_Buy_3000_7Discount_existmobilecust$Customer_Mobile_new_existingTest_Promotion_125_Buy_300"/>
</testsuite> <!-- test.Promotion_125_Buy_3000_7Discount_existmobilecust$Customer_Mobile_new_existingTest_Promotion_125_Buy_300 -->
