<?xml version="1.0" encoding="UTF-8"?>
<!-- Generated by org.testng.reporters.JUnitReportReporter -->
<testsuite hostname="DESKTOP-83KADBQ" name="test.Promotion_124_combo_sales_existmobilecust$Customer_Mobile_new_existingTest_Promotion_124_combo_sales" tests="8" failures="0" timestamp="4 Feb 2021 11:41:36 GMT" time="102.536" errors="0">
  <testcase name="barcode1_promotion124" time="24.642" classname="test.Promotion_124_combo_sales_existmobilecust$Customer_Mobile_new_existingTest_Promotion_124_combo_sales"/>
  <testcase name="Customer_Mobile_existing_login_Promotion_124_combo_sales" time="12.595" classname="test.Promotion_124_combo_sales_existmobilecust$Customer_Mobile_new_existingTest_Promotion_124_combo_sales"/>
  <testcase name="promotion124_Discount" time="19.485" classname="test.Promotion_124_combo_sales_existmobilecust$Customer_Mobile_new_existingTest_Promotion_124_combo_sales"/>
  <testcase name="barcode2_promotion124" time="16.362" classname="test.Promotion_124_combo_sales_existmobilecust$Customer_Mobile_new_existingTest_Promotion_124_combo_sales"/>
  <testcase name="barcode5_promotion122" time="5.633" classname="test.Promotion_124_combo_sales_existmobilecust$Customer_Mobile_new_existingTest_Promotion_124_combo_sales"/>
  <testcase name="barcode3_promotion124" time="5.698" classname="test.Promotion_124_combo_sales_existmobilecust$Customer_Mobile_new_existingTest_Promotion_124_combo_sales"/>
  <testcase name="barcode4_promotion122" time="5.730" classname="test.Promotion_124_combo_sales_existmobilecust$Customer_Mobile_new_existingTest_Promotion_124_combo_sales"/>
  <testcase name="promotion124" time="12.391" classname="test.Promotion_124_combo_sales_existmobilecust$Customer_Mobile_new_existingTest_Promotion_124_combo_sales"/>
</testsuite> <!-- test.Promotion_124_combo_sales_existmobilecust$Customer_Mobile_new_existingTest_Promotion_124_combo_sales -->
