<?xml version="1.0" encoding="UTF-8"?>
<!-- Generated by org.testng.reporters.JUnitReportReporter -->
<testsuite hostname="DESKTOP-83KADBQ" name="test.Promotion_141_BNGN_Buy_3_Get_2_existmobilecust$Customer_Mobile_new_existingmobileno_Test_Promotion_141_BNGN" tests="8" failures="0" timestamp="24 May 2021 20:17:28 GMT" time="116.650" errors="0">
  <testcase name="Customer_Mobile_existing_login_Promotion_141_BNGN" time="12.677" classname="test.Promotion_141_BNGN_Buy_3_Get_2_existmobilecust$Customer_Mobile_new_existingmobileno_Test_Promotion_141_BNGN"/>
  <testcase name="barcode1_promotion141" time="21.822" classname="test.Promotion_141_BNGN_Buy_3_Get_2_existmobilecust$Customer_Mobile_new_existingmobileno_Test_Promotion_141_BNGN"/>
  <testcase name="barcode4_promotion141" time="5.729" classname="test.Promotion_141_BNGN_Buy_3_Get_2_existmobilecust$Customer_Mobile_new_existingmobileno_Test_Promotion_141_BNGN"/>
  <testcase name="promotion141" time="37.321" classname="test.Promotion_141_BNGN_Buy_3_Get_2_existmobilecust$Customer_Mobile_new_existingmobileno_Test_Promotion_141_BNGN"/>
  <testcase name="promotion141_Discount" time="15.170" classname="test.Promotion_141_BNGN_Buy_3_Get_2_existmobilecust$Customer_Mobile_new_existingmobileno_Test_Promotion_141_BNGN"/>
  <testcase name="barcode2_promotion141" time="12.468" classname="test.Promotion_141_BNGN_Buy_3_Get_2_existmobilecust$Customer_Mobile_new_existingmobileno_Test_Promotion_141_BNGN"/>
  <testcase name="barcode3_promotion141" time="5.756" classname="test.Promotion_141_BNGN_Buy_3_Get_2_existmobilecust$Customer_Mobile_new_existingmobileno_Test_Promotion_141_BNGN"/>
  <testcase name="barcode5_promotion141" time="5.707" classname="test.Promotion_141_BNGN_Buy_3_Get_2_existmobilecust$Customer_Mobile_new_existingmobileno_Test_Promotion_141_BNGN"/>
</testsuite> <!-- test.Promotion_141_BNGN_Buy_3_Get_2_existmobilecust$Customer_Mobile_new_existingmobileno_Test_Promotion_141_BNGN -->
