<?xml version="1.0" encoding="UTF-8"?>
<!-- Generated by org.testng.reporters.JUnitReportReporter -->
<testsuite hostname="DESKTOP-83KADBQ" name="test.Promotion_121_N_items_5_discount_existmobilecust$Customer_Mobile_new_existingTest_Promotion_121_N_items_5_discount" tests="6" failures="0" timestamp="11 Feb 2021 07:10:53 GMT" time="99.420" errors="0">
  <testcase name="promotion121_Discount" time="19.396" classname="test.Promotion_121_N_items_5_discount_existmobilecust$Customer_Mobile_new_existingTest_Promotion_121_N_items_5_discount"/>
  <testcase name="promotion121" time="12.305" classname="test.Promotion_121_N_items_5_discount_existmobilecust$Customer_Mobile_new_existingTest_Promotion_121_N_items_5_discount"/>
  <testcase name="barcode2_promotion121" time="16.408" classname="test.Promotion_121_N_items_5_discount_existmobilecust$Customer_Mobile_new_existingTest_Promotion_121_N_items_5_discount"/>
  <testcase name="barcode1_promotion121" time="25.034" classname="test.Promotion_121_N_items_5_discount_existmobilecust$Customer_Mobile_new_existingTest_Promotion_121_N_items_5_discount"/>
  <testcase name="Customer_Mobile_existing_login_Promotion_121_N_items_5_discount" time="18.619" classname="test.Promotion_121_N_items_5_discount_existmobilecust$Customer_Mobile_new_existingTest_Promotion_121_N_items_5_discount"/>
  <testcase name="barcode3_promotion121" time="7.658" classname="test.Promotion_121_N_items_5_discount_existmobilecust$Customer_Mobile_new_existingTest_Promotion_121_N_items_5_discount"/>
</testsuite> <!-- test.Promotion_121_N_items_5_discount_existmobilecust$Customer_Mobile_new_existingTest_Promotion_121_N_items_5_discount -->
