<?xml version="1.0" encoding="UTF-8"?>
<!-- Generated by org.testng.reporters.JUnitReportReporter -->
<testsuite hostname="DESKTOP-83KADBQ" name="test.Promotion_126_Earned_discount_500_existmobilecust$Customer_Mobile_new_existingTest_Promotion_126_Earned_discount_500" tests="6" failures="0" timestamp="3 Mar 2021 10:15:22 GMT" time="108.305" errors="1">
  <testcase name="barcode1_promotion126" time="20.909" classname="test.Promotion_126_Earned_discount_500_existmobilecust$Customer_Mobile_new_existingTest_Promotion_126_Earned_discount_500"/>
  <testcase name="promotion126_Discount" time="27.607" classname="test.Promotion_126_Earned_discount_500_existmobilecust$Customer_Mobile_new_existingTest_Promotion_126_Earned_discount_500"/>
  <testcase name="Customer_Mobile_existing_login_Promotion_126_Earned_discount_500" time="11.936" classname="test.Promotion_126_Earned_discount_500_existmobilecust$Customer_Mobile_new_existingTest_Promotion_126_Earned_discount_500"/>
  <testcase name="barcode3_promotion126" time="5.714" classname="test.Promotion_126_Earned_discount_500_existmobilecust$Customer_Mobile_new_existingTest_Promotion_126_Earned_discount_500">
    <error type="java.lang.ArrayIndexOutOfBoundsException" message="33">
      <![CDATA[java.lang.ArrayIndexOutOfBoundsException: 33
	at test.Promotion_126_Earned_discount_500_existmobilecust$Customer_Mobile_new_existingTest_Promotion_126_Earned_discount_500.barcode3_promotion126(Promotion_126_Earned_discount_500_existmobilecust.java:208)
	at sun.reflect.NativeMethodAccessorImpl.invoke0(Native Method)
	at sun.reflect.NativeMethodAccessorImpl.invoke(NativeMethodAccessorImpl.java:62)
	at sun.reflect.DelegatingMethodAccessorImpl.invoke(DelegatingMethodAccessorImpl.java:43)
	at java.lang.reflect.Method.invoke(Method.java:498)
	at org.testng.internal.MethodInvocationHelper.invokeMethod(MethodInvocationHelper.java:86)
	at org.testng.internal.Invoker.invokeMethod(Invoker.java:643)
	at org.testng.internal.Invoker.invokeTestMethod(Invoker.java:820)
	at org.testng.internal.Invoker.invokeTestMethods(Invoker.java:1128)
	at org.testng.internal.TestMethodWorker.invokeTestMethods(TestMethodWorker.java:129)
	at org.testng.internal.TestMethodWorker.run(TestMethodWorker.java:112)
	at org.testng.TestRunner.privateRun(TestRunner.java:782)
	at org.testng.TestRunner.run(TestRunner.java:632)
	at org.testng.SuiteRunner.runTest(SuiteRunner.java:366)
	at org.testng.SuiteRunner.runSequentially(SuiteRunner.java:361)
	at org.testng.SuiteRunner.privateRun(SuiteRunner.java:319)
	at org.testng.SuiteRunner.run(SuiteRunner.java:268)
	at org.testng.SuiteRunnerWorker.runSuite(SuiteRunnerWorker.java:52)
	at org.testng.SuiteRunnerWorker.run(SuiteRunnerWorker.java:86)
	at org.testng.TestNG.runSuitesSequentially(TestNG.java:1244)
	at org.testng.TestNG.runSuitesLocally(TestNG.java:1169)
	at org.testng.TestNG.run(TestNG.java:1064)
	at org.testng.remote.AbstractRemoteTestNG.run(AbstractRemoteTestNG.java:115)
	at org.testng.remote.RemoteTestNG.initAndRun(RemoteTestNG.java:251)
	at org.testng.remote.RemoteTestNG.main(RemoteTestNG.java:77)
]]>
    </error>
  </testcase> <!-- barcode3_promotion126 -->
  <testcase name="barcode2_promotion126" time="19.654" classname="test.Promotion_126_Earned_discount_500_existmobilecust$Customer_Mobile_new_existingTest_Promotion_126_Earned_discount_500"/>
  <testcase name="promotion126" time="22.485" classname="test.Promotion_126_Earned_discount_500_existmobilecust$Customer_Mobile_new_existingTest_Promotion_126_Earned_discount_500"/>
</testsuite> <!-- test.Promotion_126_Earned_discount_500_existmobilecust$Customer_Mobile_new_existingTest_Promotion_126_Earned_discount_500 -->
