<?xml version="1.0" encoding="UTF-8"?>
<!-- Generated by org.testng.reporters.JUnitReportReporter -->
<testsuite hostname="DESKTOP-83KADBQ" name="test.Promotion_121_N_items_5_discount_existmobilecust$Customer_Mobile_new_existingTest_Promotion_121_N_items_5_discount" tests="6" failures="0" timestamp="12 Feb 2021 08:51:41 GMT" time="101.945" errors="0">
  <testcase name="barcode1_promotion121" time="21.407" classname="test.Promotion_121_N_items_5_discount_existmobilecust$Customer_Mobile_new_existingTest_Promotion_121_N_items_5_discount"/>
  <testcase name="promotion121_Discount" time="19.267" classname="test.Promotion_121_N_items_5_discount_existmobilecust$Customer_Mobile_new_existingTest_Promotion_121_N_items_5_discount"/>
  <testcase name="Customer_Mobile_existing_login_Promotion_121_N_items_5_discount" time="12.751" classname="test.Promotion_121_N_items_5_discount_existmobilecust$Customer_Mobile_new_existingTest_Promotion_121_N_items_5_discount"/>
  <testcase name="barcode2_promotion121" time="16.292" classname="test.Promotion_121_N_items_5_discount_existmobilecust$Customer_Mobile_new_existingTest_Promotion_121_N_items_5_discount"/>
  <testcase name="barcode3_promotion121" time="7.655" classname="test.Promotion_121_N_items_5_discount_existmobilecust$Customer_Mobile_new_existingTest_Promotion_121_N_items_5_discount"/>
  <testcase name="promotion121" time="24.573" classname="test.Promotion_121_N_items_5_discount_existmobilecust$Customer_Mobile_new_existingTest_Promotion_121_N_items_5_discount"/>
</testsuite> <!-- test.Promotion_121_N_items_5_discount_existmobilecust$Customer_Mobile_new_existingTest_Promotion_121_N_items_5_discount -->
