<?xml version="1.0" encoding="UTF-8"?>
<!-- Generated by org.testng.reporters.JUnitReportReporter -->
<testsuite hostname="DESKTOP-83KADBQ" name="test.Promotion_123_N_items_N_discount_existmobilecust$Customer_Mobile_new_existingTest_Promotion_123_N_items_N_discount" tests="6" failures="0" timestamp="19 Mar 2021 11:17:26 GMT" time="120.955" errors="0">
  <testcase name="barcode3_promotion123" time="7.698" classname="test.Promotion_123_N_items_N_discount_existmobilecust$Customer_Mobile_new_existingTest_Promotion_123_N_items_N_discount"/>
  <testcase name="Customer_Mobile_existing_login_Promotion_121_N_items_5_discount" time="12.472" classname="test.Promotion_123_N_items_N_discount_existmobilecust$Customer_Mobile_new_existingTest_Promotion_123_N_items_N_discount"/>
  <testcase name="barcode2_promotion121" time="19.586" classname="test.Promotion_123_N_items_N_discount_existmobilecust$Customer_Mobile_new_existingTest_Promotion_123_N_items_N_discount"/>
  <testcase name="promotion123" time="42.361" classname="test.Promotion_123_N_items_N_discount_existmobilecust$Customer_Mobile_new_existingTest_Promotion_123_N_items_N_discount"/>
  <testcase name="barcode1_promotion121" time="19.302" classname="test.Promotion_123_N_items_N_discount_existmobilecust$Customer_Mobile_new_existingTest_Promotion_123_N_items_N_discount"/>
  <testcase name="promotion123_Discount" time="19.536" classname="test.Promotion_123_N_items_N_discount_existmobilecust$Customer_Mobile_new_existingTest_Promotion_123_N_items_N_discount"/>
</testsuite> <!-- test.Promotion_123_N_items_N_discount_existmobilecust$Customer_Mobile_new_existingTest_Promotion_123_N_items_N_discount -->
