<?xml version="1.0" encoding="UTF-8"?>
<!-- Generated by org.testng.reporters.JUnitReportReporter -->
<testsuite hostname="DESKTOP-83KADBQ" name="test.Promotion_122_BNGN_N_Nitems_N_items_existmobilecust$Customer_Mobile_new_existingTest_Promotion_122_N_items" tests="10" failures="0" timestamp="4 Feb 2021 11:06:10 GMT" time="117.550" errors="0">
  <testcase name="barcode3_promotion122" time="5.632" classname="test.Promotion_122_BNGN_N_Nitems_N_items_existmobilecust$Customer_Mobile_new_existingTest_Promotion_122_N_items"/>
  <testcase name="Customer_Mobile_existing_login_Promotion_122_N_items" time="15.753" classname="test.Promotion_122_BNGN_N_Nitems_N_items_existmobilecust$Customer_Mobile_new_existingTest_Promotion_122_N_items"/>
  <testcase name="barcode1_promotion122" time="25.172" classname="test.Promotion_122_BNGN_N_Nitems_N_items_existmobilecust$Customer_Mobile_new_existingTest_Promotion_122_N_items"/>
  <testcase name="barcode6_promotion122" time="5.655" classname="test.Promotion_122_BNGN_N_Nitems_N_items_existmobilecust$Customer_Mobile_new_existingTest_Promotion_122_N_items"/>
  <testcase name="barcode2_promotion122" time="16.417" classname="test.Promotion_122_BNGN_N_Nitems_N_items_existmobilecust$Customer_Mobile_new_existingTest_Promotion_122_N_items"/>
  <testcase name="promotion122_Discount" time="19.413" classname="test.Promotion_122_BNGN_N_Nitems_N_items_existmobilecust$Customer_Mobile_new_existingTest_Promotion_122_N_items"/>
  <testcase name="barcode7_promotion122" time="5.651" classname="test.Promotion_122_BNGN_N_Nitems_N_items_existmobilecust$Customer_Mobile_new_existingTest_Promotion_122_N_items"/>
  <testcase name="barcode4_promotion122" time="5.655" classname="test.Promotion_122_BNGN_N_Nitems_N_items_existmobilecust$Customer_Mobile_new_existingTest_Promotion_122_N_items"/>
  <testcase name="barcode5_promotion122" time="5.647" classname="test.Promotion_122_BNGN_N_Nitems_N_items_existmobilecust$Customer_Mobile_new_existingTest_Promotion_122_N_items"/>
  <testcase name="promotion125" time="12.555" classname="test.Promotion_122_BNGN_N_Nitems_N_items_existmobilecust$Customer_Mobile_new_existingTest_Promotion_122_N_items"/>
</testsuite> <!-- test.Promotion_122_BNGN_N_Nitems_N_items_existmobilecust$Customer_Mobile_new_existingTest_Promotion_122_N_items -->
