<?xml version="1.0" encoding="UTF-8"?>
<!-- Generated by org.testng.reporters.JUnitReportReporter -->
<testsuite hostname="DESKTOP-83KADBQ" name="sales_invoice_estimate.Customer_Mobile_new_existingTest" tests="6" failures="0" timestamp="8 May 2021 05:23:58 GMT" time="95.949" errors="0">
  <testcase name="barcode3_enoughstock" time="5.938" classname="sales_invoice_estimate.Customer_Mobile_new_existingTest"/>
  <testcase name="barcode2" time="19.636" classname="sales_invoice_estimate.Customer_Mobile_new_existingTest"/>
  <testcase name="barcode4" time="24.979" classname="sales_invoice_estimate.Customer_Mobile_new_existingTest"/>
  <testcase name="Customer_Mobile_existing_login" time="12.644" classname="sales_invoice_estimate.Customer_Mobile_new_existingTest"/>
  <testcase name="barcode1" time="17.465" classname="sales_invoice_estimate.Customer_Mobile_new_existingTest"/>
  <testcase name="barcode4_2_delete_save" time="15.287" classname="sales_invoice_estimate.Customer_Mobile_new_existingTest"/>
</testsuite> <!-- sales_invoice_estimate.Customer_Mobile_new_existingTest -->
