<?xml version="1.0" encoding="UTF-8"?>
<!-- Generated by org.testng.reporters.JUnitReportReporter -->
<testsuite hostname="DESKTOP-83KADBQ" name="test.Cashopening" tests="1" failures="0" timestamp="23 Jan 2021 09:15:11 GMT" time="12.237" errors="0">
  <testcase name="cashopened" time="12.237" classname="test.Cashopening"/>
</testsuite> <!-- test.Cashopening -->
