<?xml version="1.0" encoding="UTF-8"?>
<!-- Generated by org.testng.reporters.JUnitReportReporter -->
<testsuite hostname="DESKTOP-83KADBQ" name="test.Promotion_121_N_items_5_discount_existmobilecust$Customer_Mobile_new_existingTest_Promotion_121_N_items_5_discount" tests="6" failures="0" timestamp="19 Mar 2021 10:58:28 GMT" time="123.004" errors="0">
  <testcase name="barcode1_promotion121" time="22.871" classname="test.Promotion_121_N_items_5_discount_existmobilecust$Customer_Mobile_new_existingTest_Promotion_121_N_items_5_discount"/>
  <testcase name="barcode3_promotion121" time="7.658" classname="test.Promotion_121_N_items_5_discount_existmobilecust$Customer_Mobile_new_existingTest_Promotion_121_N_items_5_discount"/>
  <testcase name="promotion121" time="42.101" classname="test.Promotion_121_N_items_5_discount_existmobilecust$Customer_Mobile_new_existingTest_Promotion_121_N_items_5_discount"/>
  <testcase name="Customer_Mobile_existing_login_Promotion_121_N_items_5_discount" time="14.888" classname="test.Promotion_121_N_items_5_discount_existmobilecust$Customer_Mobile_new_existingTest_Promotion_121_N_items_5_discount"/>
  <testcase name="barcode2_promotion121" time="16.408" classname="test.Promotion_121_N_items_5_discount_existmobilecust$Customer_Mobile_new_existingTest_Promotion_121_N_items_5_discount"/>
  <testcase name="promotion121_Discount" time="19.078" classname="test.Promotion_121_N_items_5_discount_existmobilecust$Customer_Mobile_new_existingTest_Promotion_121_N_items_5_discount"/>
</testsuite> <!-- test.Promotion_121_N_items_5_discount_existmobilecust$Customer_Mobile_new_existingTest_Promotion_121_N_items_5_discount -->
