<?xml version="1.0" encoding="UTF-8"?>
<!-- Generated by org.testng.reporters.JUnitReportReporter -->
<testsuite hostname="DESKTOP-83KADBQ" name="test.Promotion_126_Earned_discount_500_existmobilecust$Customer_Mobile_new_existingTest_Promotion_126_Earned_discount_500" tests="6" failures="0" timestamp="12 Feb 2021 12:58:41 GMT" time="109.365" errors="0">
  <testcase name="barcode1_promotion126" time="17.899" classname="test.Promotion_126_Earned_discount_500_existmobilecust$Customer_Mobile_new_existingTest_Promotion_126_Earned_discount_500"/>
  <testcase name="barcode3_promotion126" time="10.807" classname="test.Promotion_126_Earned_discount_500_existmobilecust$Customer_Mobile_new_existingTest_Promotion_126_Earned_discount_500"/>
  <testcase name="promotion126" time="21.878" classname="test.Promotion_126_Earned_discount_500_existmobilecust$Customer_Mobile_new_existingTest_Promotion_126_Earned_discount_500"/>
  <testcase name="Customer_Mobile_existing_login_Promotion_126_Earned_discount_500" time="12.156" classname="test.Promotion_126_Earned_discount_500_existmobilecust$Customer_Mobile_new_existingTest_Promotion_126_Earned_discount_500"/>
  <testcase name="barcode2_promotion126" time="19.331" classname="test.Promotion_126_Earned_discount_500_existmobilecust$Customer_Mobile_new_existingTest_Promotion_126_Earned_discount_500"/>
  <testcase name="promotion126_Discount" time="27.294" classname="test.Promotion_126_Earned_discount_500_existmobilecust$Customer_Mobile_new_existingTest_Promotion_126_Earned_discount_500"/>
</testsuite> <!-- test.Promotion_126_Earned_discount_500_existmobilecust$Customer_Mobile_new_existingTest_Promotion_126_Earned_discount_500 -->
